app/mapping.txt
com.qianmo.redrepair.MainActivity -> com.qianmo.redrepair.MainActivity:
    java.lang.String activityName -> m
    android.widget.TextView tv_content -> n
    android.widget.Button btn_search -> o
    void <init>() -> <init>
    void onCreate(android.os.Bundle) -> onCreate
    void initView() -> i
    void onClick(android.view.View) -> onClick
com.qianmo.redrepair.SimpleTinkerInApplication -> com.qianmo.redrepair.SimpleTinkerInApplication:
    void <init>() -> <init>
com.qianmo.redrepair.SimpleTinkerInApplicationLike -> com.qianmo.redrepair.SimpleTinkerInApplicationLike:
    void <init>(android.app.Application,int,boolean,long,long,android.content.Intent) -> <init>
    void onBaseContextAttached(android.content.Context) -> onBaseContextAttached
    void onCreate() -> onCreate
...
android.support.v7.widget.ThemeUtils -> android.support.v7.widget.aq:
    java.lang.ThreadLocal TL_TYPED_VALUE -> i
    int[] DISABLED_STATE_SET -> a
    int[] FOCUSED_STATE_SET -> b
    int[] ACTIVATED_STATE_SET -> c
    int[] PRESSED_STATE_SET -> d
    int[] CHECKED_STATE_SET -> e
    int[] SELECTED_STATE_SET -> f
    int[] NOT_PRESSED_OR_FOCUSED_STATE_SET -> g
    int[] EMPTY_STATE_SET -> h
    int[] TEMP_ARRAY -> j
    int getThemeAttrColor(android.content.Context,int) -> a
    android.content.res.ColorStateList getThemeAttrColorStateList(android.content.Context,int) -> b
    int getDisabledThemeAttrColor(android.content.Context,int) -> c
    android.util.TypedValue getTypedValue() -> a
    int getThemeAttrColor(android.content.Context,int,float) -> a
    void <clinit>() -> <clinit>
android.support.v7.widget.ThemedSpinnerAdapter -> android.support.v7.widget.ar:
    void setDropDownViewTheme(android.content.res.Resources$Theme) -> a
    android.content.res.Resources$Theme getDropDownViewTheme() -> a
android.support.v7.widget.TintContextWrapper -> android.support.v7.widget.as:
    java.lang.Object CACHE_LOCK -> a
    java.util.ArrayList sCache -> b
    android.content.res.Resources mResources -> c
    android.content.res.Resources$Theme mTheme -> d
    android.content.Context wrap(android.content.Context) -> a
    boolean shouldWrap(android.content.Context) -> b
    void <init>(android.content.Context) -> <init>
    android.content.res.Resources$Theme getTheme() -> getTheme
    void setTheme(int) -> setTheme
    android.content.res.Resources getResources() -> getResources
    android.content.res.AssetManager getAssets() -> getAssets
    void <clinit>() -> <clinit>
android.support.v7.widget.TintInfo -> android.support.v7.widget.at:
    android.content.res.ColorStateList mTintList -> a
    android.graphics.PorterDuff$Mode mTintMode -> b
    boolean mHasTintMode -> c
    boolean mHasTintList -> d
    void <init>() -> <init>
    void clear() -> a
android.support.v7.widget.TintResources -> android.support.v7.widget.au:
    java.lang.ref.WeakReference mContextRef -> a
    void <init>(android.content.Context,android.content.res.Resources) -> <init>
    android.graphics.drawable.Drawable getDrawable(int) -> getDrawable
android.support.v7.widget.TintTypedArray -> android.support.v7.widget.av:
    android.content.Context mContext -> a
    android.content.res.TypedArray mWrapped -> b
    android.support.v7.widget.TintTypedArray obtainStyledAttributes(android.content.Context,android.util.AttributeSet,int[]) -> a
    android.support.v7.widget.TintTypedArray obtainStyledAttributes(android.content.Context,android.util.AttributeSet,int[],int,int) -> a
    android.support.v7.widget.TintTypedArray obtainStyledAttributes(android.content.Context,int,int[]) -> a
    void <init>(android.content.Context,android.content.res.TypedArray) -> <init>
    android.graphics.drawable.Drawable getDrawable(int) -> a
    android.graphics.drawable.Drawable getDrawableIfKnown(int) -> b
    java.lang.CharSequence getText(int) -> c
    java.lang.String getString(int) -> d
    boolean getBoolean(int,boolean) -> a
    int getInt(int,int) -> a
    float getFloat(int,float) -> a
    int getColor(int,int) -> b
    android.content.res.ColorStateList getColorStateList(int) -> e
    int getInteger(int,int) -> c
    int getDimensionPixelOffset(int,int) -> d
    int getDimensionPixelSize(int,int) -> e
    int getLayoutDimension(int,int) -> f
    int getResourceId(int,int) -> g
    java.lang.CharSequence[] getTextArray(int) -> f
    boolean hasValue(int) -> g
    void recycle() -> a